<?xml version="1.0" encoding="UTF-8"?>
<!-- Generated by org.testng.reporters.JUnitReportReporter -->
<testsuite skipped="0" hostname="PCSTWL929563FD0" name="org.Pacificorp.Test.AutomationUIPOC" tests="1" failures="0" timestamp="19 Sep 2019 06:19:25 GMT" time="2.223" errors="0">
  <testcase name="captureButtonTextAndCount" time="2.223" classname="org.Pacificorp.Test.AutomationUIPOC"/>
</testsuite> <!-- org.Pacificorp.Test.AutomationUIPOC -->
