<?xml version="1.0" encoding="UTF-8"?>
<!-- Generated by org.testng.reporters.JUnitReportReporter -->
<testsuite skipped="0" hostname="PCSTWL929563FD0" name="org.Pacificorp.Test.WebXPTest" tests="1" failures="0" timestamp="18 Sep 2019 13:12:02 GMT" time="1.500" errors="0">
  <testcase name="captureButtonTextAndCount" time="1.500" classname="org.Pacificorp.Test.WebXPTest"/>
</testsuite> <!-- org.Pacificorp.Test.WebXPTest -->
