<?xml version="1.0" encoding="UTF-8"?>
<!-- Generated by org.testng.reporters.JUnitReportReporter -->
<testsuite hostname="DESKTOP-3DCMKBJ" failures="0" tests="1" name="org.Pacificorp.Test.FacebookTest" time="4.337" errors="0" timestamp="18 Sep 2019 10:03:57 GMT" skipped="0">
  <testcase classname="org.Pacificorp.Test.FacebookTest" name="captureButtonTextAndCount" time="4.337"/>
</testsuite> <!-- org.Pacificorp.Test.FacebookTest -->
